  KeyValue.c
d:\c\work\work8_24key和value搜索\work8_24key和value搜索\keyvalue.c(30): warning C4133: “=”: 从“BSTreeNode *”到“BSTreeNode *”的类型不兼容
d:\c\work\work8_24key和value搜索\work8_24key和value搜索\keyvalue.c(35): warning C4133: “=”: 从“BSTreeNode *”到“BSTreeNode *”的类型不兼容
d:\c\work\work8_24key和value搜索\work8_24key和value搜索\keyvalue.c(42): warning C4133: “=”: 从“BSTreeNode *”到“BSTreeNode *”的类型不兼容
d:\c\work\work8_24key和value搜索\work8_24key和value搜索\keyvalue.c(46): warning C4133: “=”: 从“BSTreeNode *”到“BSTreeNode *”的类型不兼容
d:\c\work\work8_24key和value搜索\work8_24key和value搜索\keyvalue.c(64): warning C4133: “=”: 从“BSTreeNode *”到“BSTreeNode *”的类型不兼容
d:\c\work\work8_24key和value搜索\work8_24key和value搜索\keyvalue.c(69): warning C4133: “=”: 从“BSTreeNode *”到“BSTreeNode *”的类型不兼容
d:\c\work\work8_24key和value搜索\work8_24key和value搜索\keyvalue.c(84): warning C4133: “=”: 从“BSTreeNode *”到“BSTreeNode *”的类型不兼容
d:\c\work\work8_24key和value搜索\work8_24key和value搜索\keyvalue.c(103): warning C4133: “=”: 从“BSTreeNode *”到“BSTreeNode *”的类型不兼容
d:\c\work\work8_24key和value搜索\work8_24key和value搜索\keyvalue.c(117): warning C4133: “=”: 从“BSTreeNode *”到“BSTreeNode *”的类型不兼容
d:\c\work\work8_24key和value搜索\work8_24key和value搜索\keyvalue.c(130): warning C4133: “=”: 从“BSTreeNode *”到“BSTreeNode *”的类型不兼容
d:\c\work\work8_24key和value搜索\work8_24key和value搜索\keyvalue.c(77): warning C4133: “初始化”: 从“BSTreeNode *”到“BSTreeNode *”的类型不兼容
d:\c\work\work8_24key和value搜索\work8_24key和value搜索\keyvalue.c(96): warning C4133: “初始化”: 从“BSTreeNode *”到“BSTreeNode *”的类型不兼容
d:\c\work\work8_24key和value搜索\work8_24key和value搜索\keyvalue.c(125): warning C4133: “初始化”: 从“BSTreeNode *”到“BSTreeNode *”的类型不兼容
d:\c\work\work8_24key和value搜索\work8_24key和value搜索\keyvalue.c(146): warning C4133: “函数”: 从“BSTreeNode **”到“BSTreeNode **”的类型不兼容
d:\c\work\work8_24key和value搜索\work8_24key和value搜索\keyvalue.c(150): warning C4133: “函数”: 从“BSTreeNode **”到“BSTreeNode **”的类型不兼容
d:\c\work\work8_24key和value搜索\work8_24key和value搜索\keyvalue.c(160): warning C4133: “函数”: 从“BSTreeNode **”到“BSTreeNode **”的类型不兼容
d:\c\work\work8_24key和value搜索\work8_24key和value搜索\keyvalue.c(162): warning C4133: “函数”: 从“BSTreeNode **”到“BSTreeNode **”的类型不兼容
  test.c
d:\c\work\work8_24key和value搜索\work8_24key和value搜索\test.c(59): warning C4013: “system”未定义；假设外部返回 int
  正在生成代码...
d:\c\work\work8_24key和value搜索\work8_24key和value搜索\keyvalue.c(138): warning C4715: “BSTreeRemove”: 不是所有的控件路径都返回值
  work8_24key和value搜索.vcxproj -> D:\c\work\work8_24key和value搜索\Debug\work8_24key和value搜索.exe
